<?xml version="1.0" encoding="UTF-8"?>
<!-- Generated by org.testng.reporters.JUnitReportReporter -->
<testsuite hostname="DESKTOP-5RDPEIF" failures="0" tests="3" name="com.testNg.A" time="0.012" errors="0" timestamp="24 Dec 2023 22:00:10 GMT" skipped="0">
  <testcase classname="com.testNg.A" name="Test2" time="0.011"/>
  <testcase classname="com.testNg.A" name="Test3" time="0.001"/>
  <testcase classname="com.testNg.A" name="Test1" time="0.000"/>
</testsuite> <!-- com.testNg.A -->
