<?xml version="1.0" encoding="UTF-8"?>
<!-- Generated by org.testng.reporters.JUnitReportReporter -->
<testsuite hostname="DESKTOP-5RDPEIF" failures="0" tests="3" name="com.testNg.B" time="0.014" errors="0" timestamp="29 Dec 2023 06:39:02 GMT" skipped="0">
  <testcase classname="com.testNg.B" name="Test6" time="0.001"/>
  <testcase classname="com.testNg.B" name="Test4" time="0.011"/>
  <testcase classname="com.testNg.B" name="Test5" time="0.002"/>
</testsuite> <!-- com.testNg.B -->
