<?xml version="1.0" encoding="UTF-8"?>
<!-- Generated by org.testng.reporters.JUnitReportReporter -->
<testsuite hostname="DESKTOP-5RDPEIF" failures="0" tests="3" name="com.testNg.TestNGCount" time="19.894" errors="0" timestamp="24 Dec 2023 21:53:46 GMT" skipped="0">
  <testcase classname="com.testNg.TestNGCount" name="newTestcount" time="8.833"/>
  <testcase classname="com.testNg.TestNGCount" name="myLogin" time="0.012"/>
  <testcase classname="com.testNg.TestNGCount" name="newTestcount" time="11.049"/>
</testsuite> <!-- com.testNg.TestNGCount -->
