<?xml version="1.0" encoding="UTF-8"?>
<!-- Generated by org.testng.reporters.JUnitReportReporter -->
<testsuite hostname="DESKTOP-5RDPEIF" failures="0" tests="3" name="com.testNg.MyTestNG" time="0.009" errors="0" timestamp="23 Dec 2023 17:12:32 GMT" skipped="1">
  <testcase classname="com.testNg.MyTestNG" name="testPass" time="0.007"/>
  <testcase classname="com.testNg.MyTestNG" name="testUser" time="0.002"/>
  <testcase classname="com.testNg.MyTestNG" name="testLogin">
    <skipped/>
  </testcase> <!-- testLogin -->
</testsuite> <!-- com.testNg.MyTestNG -->
