<?xml version="1.0" encoding="UTF-8"?>
<!-- Generated by org.testng.reporters.JUnitReportReporter -->
<testsuite hostname="DESKTOP-5RDPEIF" failures="0" tests="3" name="com.testNg.C" time="0.012" errors="0" timestamp="24 Dec 2023 22:07:13 GMT" skipped="0">
  <testcase classname="com.testNg.C" name="Test9" time="0.000"/>
  <testcase classname="com.testNg.C" name="Test7" time="0.011"/>
  <testcase classname="com.testNg.C" name="Test8" time="0.001"/>
</testsuite> <!-- com.testNg.C -->
